2024-06-28 00:13:07,637 [INFO] WebApp:354 - JxBrowser engine has been closed 
2024-06-28 14:32:20,436 [INFO] Activator:176 - 


2024-06-28 14:32:20,438 [INFO] Activator:177 - !SESSION log4j initialized
2024-06-28 14:32:30,114 [INFO] LogOutputStream:77 - [STDOUT_REDIRECT] 
2024-06-28 14:32:36,802 [INFO] ApplicationProperties:184 - Using Application install path: H:\STM32_cube_ide\STM32CubeIDE_1.15.0\STM32CubeIDE\plugins\com.st.stm32cube.common.mx_6.11.0.202403141607
2024-06-28 14:32:36,824 [INFO] DbMcusXml:78 - Set database path to: H:\STM32_cube_ide\STM32CubeIDE_1.15.0\STM32CubeIDE\plugins\com.st.stm32cube.common.mx_6.11.0.202403141607\\db\/mcu/
2024-06-28 14:32:36,825 [INFO] ApiDb:274 - Set plugin database path to: H:\STM32_cube_ide\STM32CubeIDE_1.15.0\STM32CubeIDE\plugins\com.st.stm32cube.common.mx_6.11.0.202403141607\\db\/plugins/boardmanager/
2024-06-28 14:32:36,825 [WARN] ApiDb:259 - Overriding images path with different value:  => H:\STM32_cube_ide\STM32CubeIDE_1.15.0\STM32CubeIDE\plugins\com.st.stm32cube.common.mx_6.11.0.202403141607\\db\/plugins/mcufinder/images/
2024-06-28 14:32:36,838 [INFO] ApiDb:250 - Set database path to: C:\Users\Gregstr\.stmcufinder\plugins\mcufinder//mcu/
2024-06-28 14:32:36,840 [INFO] DbMcusAds:125 - Set database path to: C:\Users\Gregstr\.stmcufinder\plugins\mcufinder//mcu/
2024-06-28 14:32:36,842 [INFO] CrossReferenceDbSqlite:203 - Set database path to: C:\Users\Gregstr\.stmcufinder\plugins\mcufinder//mcu/cs/
2024-06-28 14:32:36,971 [INFO] RulesReader:64 - Compatibility file has been processed (297 Rules)
2024-06-28 14:32:37,083 [INFO] DbMcusXml:78 - Set database path to: H:\STM32_cube_ide\STM32CubeIDE_1.15.0\STM32CubeIDE\plugins\com.st.stm32cube.common.mx_6.11.0.202403141607\\db\/mcu/
2024-06-28 14:32:37,083 [INFO] ApiDb:274 - Set plugin database path to: H:\STM32_cube_ide\STM32CubeIDE_1.15.0\STM32CubeIDE\plugins\com.st.stm32cube.common.mx_6.11.0.202403141607\\db\/plugins/boardmanager/
2024-06-28 14:32:37,083 [INFO] ApiDb:261 - Set plugin images path to: H:\STM32_cube_ide\STM32CubeIDE_1.15.0\STM32CubeIDE\plugins\com.st.stm32cube.common.mx_6.11.0.202403141607\\db\/plugins/mcufinder/images/
2024-06-28 14:32:37,083 [WARN] DbFile:41 - Overriding database path with different value: C:\Users\Gregstr\.stmcufinder\plugins\mcufinder/ => C:\Users\Gregstr\.stmcufinder\plugins\mcufinder
2024-06-28 14:32:37,084 [INFO] ApiDb:250 - Set database path to: C:\Users\Gregstr\.stmcufinder\plugins\mcufinder//mcu/
2024-06-28 14:32:37,084 [WARN] DbFile:41 - Overriding database path with different value: C:\Users\Gregstr\.stmcufinder\plugins\mcufinder/ => C:\Users\Gregstr\.stmcufinder\plugins\mcufinder
2024-06-28 14:32:37,084 [INFO] DbMcusAds:125 - Set database path to: C:\Users\Gregstr\.stmcufinder\plugins\mcufinder//mcu/
2024-06-28 14:32:37,084 [WARN] DbFile:41 - Overriding database path with different value: C:\Users\Gregstr\.stmcufinder\plugins\mcufinder/ => C:\Users\Gregstr\.stmcufinder\plugins\mcufinder
2024-06-28 14:32:37,084 [WARN] DbFile:41 - Overriding database path with different value: C:\Users\Gregstr\.stmcufinder\plugins\mcufinder/ => C:\Users\Gregstr\.stmcufinder\plugins\mcufinder
2024-06-28 14:32:37,084 [INFO] CrossReferenceDbSqlite:203 - Set database path to: C:\Users\Gregstr\.stmcufinder\plugins\mcufinder//mcu/cs/
2024-06-28 14:32:37,177 [INFO] MainPanel:264 - HeapMemory: 268435456
2024-06-28 14:32:37,287 [INFO] DbMcusXml:78 - Set database path to: H:\STM32_cube_ide\STM32CubeIDE_1.15.0\STM32CubeIDE\plugins\com.st.stm32cube.common.mx_6.11.0.202403141607\\db\/mcu/
2024-06-28 14:32:37,287 [INFO] ApiDb:274 - Set plugin database path to: H:\STM32_cube_ide\STM32CubeIDE_1.15.0\STM32CubeIDE\plugins\com.st.stm32cube.common.mx_6.11.0.202403141607\\db\/plugins/boardmanager/
2024-06-28 14:32:37,287 [INFO] ApiDb:261 - Set plugin images path to: H:\STM32_cube_ide\STM32CubeIDE_1.15.0\STM32CubeIDE\plugins\com.st.stm32cube.common.mx_6.11.0.202403141607\\db\/plugins/mcufinder/images/
2024-06-28 14:32:37,287 [WARN] DbFile:41 - Overriding database path with different value: C:\Users\Gregstr\.stmcufinder\plugins\mcufinder/ => C:\Users\Gregstr\.stmcufinder\plugins\mcufinder
2024-06-28 14:32:37,288 [INFO] ApiDb:250 - Set database path to: C:\Users\Gregstr\.stmcufinder\plugins\mcufinder//mcu/
2024-06-28 14:32:37,288 [WARN] DbFile:41 - Overriding database path with different value: C:\Users\Gregstr\.stmcufinder\plugins\mcufinder/ => C:\Users\Gregstr\.stmcufinder\plugins\mcufinder
2024-06-28 14:32:37,288 [INFO] DbMcusAds:125 - Set database path to: C:\Users\Gregstr\.stmcufinder\plugins\mcufinder//mcu/
2024-06-28 14:32:37,288 [WARN] DbFile:41 - Overriding database path with different value: C:\Users\Gregstr\.stmcufinder\plugins\mcufinder/ => C:\Users\Gregstr\.stmcufinder\plugins\mcufinder
2024-06-28 14:32:37,288 [WARN] DbFile:41 - Overriding database path with different value: C:\Users\Gregstr\.stmcufinder\plugins\mcufinder/ => C:\Users\Gregstr\.stmcufinder\plugins\mcufinder
2024-06-28 14:32:37,288 [INFO] CrossReferenceDbSqlite:203 - Set database path to: C:\Users\Gregstr\.stmcufinder\plugins\mcufinder//mcu/cs/
2024-06-28 14:32:37,313 [INFO] ApplicationProperties:184 - Using Application install path: H:\STM32_cube_ide\STM32CubeIDE_1.15.0\STM32CubeIDE\plugins\com.st.stm32cube.common.mx_6.11.0.202403141607
2024-06-28 14:32:37,315 [INFO] PluginManage:196 - Search for loadable plugins [exclusion list=, ]
2024-06-28 14:32:37,316 [INFO] PluginManage:310 - Check plugin analytics
2024-06-28 14:32:42,055 [INFO] AnalyticsPlugin:253 - Accepted Software Licenses: STM32CubeMX.6.11.0
2024-06-28 14:32:42,055 [INFO] AnalyticsPlugin:255 - Accepted CMSIS Pack Licenses: 
2024-06-28 14:32:42,055 [INFO] AnalyticsPlugin:257 - Accepted Firmware Licenses: 
2024-06-28 14:32:42,057 [INFO] PluginManage:359 - Loaded plugin analytics (category:tool,tabindex:-1)
2024-06-28 14:32:42,058 [INFO] PluginManage:310 - Check plugin cadmodel
2024-06-28 14:32:42,075 [INFO] CADModel:105 - Init CAD model plugin
2024-06-28 14:32:42,076 [INFO] PluginManage:359 - Loaded plugin cadmodel (category:power,tabindex:5)
2024-06-28 14:32:42,076 [INFO] PluginManage:310 - Check plugin clock
2024-06-28 14:32:42,099 [INFO] PluginManage:359 - Loaded plugin clock (category:base,tabindex:2)
2024-06-28 14:32:42,099 [INFO] PluginManage:310 - Check plugin ddr
2024-06-28 14:32:42,102 [INFO] PluginManage:359 - Loaded plugin ddr (category:tool,tabindex:6)
2024-06-28 14:32:42,102 [INFO] PluginManage:310 - Check plugin filemanager
2024-06-28 14:32:42,257 [INFO] PluginManage:359 - Loaded plugin filemanager (category:base,tabindex:10)
2024-06-28 14:32:42,257 [INFO] PluginManage:310 - Check plugin ipmanager
2024-06-28 14:32:42,266 [INFO] PluginManage:359 - Loaded plugin ipmanager (category:base,tabindex:5)
2024-06-28 14:32:42,267 [INFO] PluginManage:310 - Check plugin lpbam
2024-06-28 14:32:42,288 [INFO] PluginManage:359 - Loaded plugin lpbam (category:base,tabindex:0)
2024-06-28 14:32:42,288 [INFO] PluginManage:310 - Check plugin memorymap
2024-06-28 14:32:42,314 [INFO] PluginManage:359 - Loaded plugin memorymap (category:base,tabindex:4)
2024-06-28 14:32:42,314 [INFO] PluginManage:310 - Check plugin pinoutandconfiguration
2024-06-28 14:32:42,335 [INFO] PluginManage:359 - Loaded plugin pinoutandconfiguration (category:base,tabindex:1)
2024-06-28 14:32:42,335 [INFO] PluginManage:310 - Check plugin pinoutconfig
2024-06-28 14:32:42,443 [WARN] SupportedApi:132 - Cannot load RTOS API schema: s4s-elt-must-match.1: The content of 'definitions' must match (annotation?, (simpleType | complexType)?, (unique | key | keyref)*)). A problem was found starting at: attribute.
2024-06-28 14:32:42,629 [INFO] PluginManage:359 - Loaded plugin pinoutconfig (category:base,tabindex:0)
2024-06-28 14:32:42,629 [INFO] PluginManage:310 - Check plugin power
2024-06-28 14:32:42,654 [INFO] PluginManage:359 - Loaded plugin power (category:power,tabindex:4)
2024-06-28 14:32:42,654 [INFO] PluginManage:310 - Check plugin projectmanager
2024-06-28 14:32:42,675 [INFO] PluginManage:359 - Loaded plugin projectmanager (category:projectmanager,tabindex:3)
2024-06-28 14:32:42,675 [INFO] PluginManage:310 - Check plugin thirdparty
2024-06-28 14:32:43,025 [INFO] PluginManage:359 - Loaded plugin thirdparty (category:base,tabindex:-1)
2024-06-28 14:32:43,025 [INFO] PluginManage:310 - Check plugin tools
2024-06-28 14:32:43,025 [WARN] IntegrityCheckThread:84 - waiting for thirdparty lock release [integrity check]
2024-06-28 14:32:43,025 [INFO] IntegrityCheckThread:86 - entering critical section [integrity check]
2024-06-28 14:32:43,026 [INFO] ThirdPartyUpdaterWithRetryManager:70 - Updater plugin not ready yet. [1/15]
2024-06-28 14:32:43,068 [INFO] PluginManage:359 - Loaded plugin tools (category:base,tabindex:7)
2024-06-28 14:32:43,069 [INFO] PluginManage:310 - Check plugin tutovideos
2024-06-28 14:32:43,281 [INFO] PluginManage:359 - Loaded plugin tutovideos (category:base,tabindex:-1)
2024-06-28 14:32:43,282 [INFO] PluginManage:310 - Check plugin updater
2024-06-28 14:32:43,293 [INFO] PluginManage:359 - Loaded plugin updater (category:base,tabindex:12)
2024-06-28 14:32:43,293 [INFO] PluginManage:310 - Check plugin userauth
2024-06-28 14:32:43,300 [INFO] UserAuth:114 - Init User Auth plugin
2024-06-28 14:32:43,300 [INFO] PluginManage:359 - Loaded plugin userauth (category:base,tabindex:14)
2024-06-28 14:32:43,301 [INFO] PluginManage:283 - PluginManage : Loaded plugins [17]
2024-06-28 14:32:43,567 [INFO] PinOutPanel:1561 - setPackage(No Configuration,No Configuration)
2024-06-28 14:32:43,664 [INFO] CADModel:165 - CPN selected for project level
2024-06-28 14:32:43,665 [INFO] CADModel:114 - Register for checkConnection events
2024-06-28 14:32:43,698 [INFO] IPUIPlugin:80 - create IPUIPlugin
2024-06-28 14:32:43,698 [INFO] PluginManager:220 - loadIPPluginJar : add adc
2024-06-28 14:32:43,741 [INFO] IPUIPlugin:80 - create IPUIPlugin
2024-06-28 14:32:43,742 [INFO] PluginManager:220 - loadIPPluginJar : add aes
2024-06-28 14:32:43,793 [INFO] IPUIPlugin:80 - create IPUIPlugin
2024-06-28 14:32:43,793 [INFO] PluginManager:220 - loadIPPluginJar : add can
2024-06-28 14:32:43,821 [INFO] IPUIPlugin:80 - create IPUIPlugin
2024-06-28 14:32:43,821 [INFO] PluginManager:220 - loadIPPluginJar : add comp
2024-06-28 14:32:43,865 [INFO] IPUIPlugin:80 - create IPUIPlugin
2024-06-28 14:32:43,865 [INFO] PluginManager:220 - loadIPPluginJar : add cryp
2024-06-28 14:32:43,902 [INFO] IPUIPlugin:80 - create IPUIPlugin
2024-06-28 14:32:43,903 [INFO] PluginManager:220 - loadIPPluginJar : add dfsdm
2024-06-28 14:32:43,921 [INFO] IPUIPlugin:80 - create IPUIPlugin
2024-06-28 14:32:43,922 [INFO] PluginManager:220 - loadIPPluginJar : add dma
2024-06-28 14:32:43,989 [INFO] IPUIPlugin:80 - create IPUIPlugin
2024-06-28 14:32:43,989 [INFO] PluginManager:220 - loadIPPluginJar : add dma3
2024-06-28 14:32:44,050 [INFO] IPUIPlugin:80 - create IPUIPlugin
2024-06-28 14:32:44,050 [INFO] PluginManager:220 - loadIPPluginJar : add extmemmanager
2024-06-28 14:32:44,077 [INFO] IPUIPlugin:80 - create IPUIPlugin
2024-06-28 14:32:44,077 [INFO] PluginManager:220 - loadIPPluginJar : add fatfs
2024-06-28 14:32:44,142 [INFO] IPUIPlugin:80 - create IPUIPlugin
2024-06-28 14:32:44,143 [INFO] PluginManager:220 - loadIPPluginJar : add fmc
2024-06-28 14:32:44,162 [INFO] IPUIPlugin:80 - create IPUIPlugin
2024-06-28 14:32:44,163 [INFO] PluginManager:220 - loadIPPluginJar : add freertos
2024-06-28 14:32:44,192 [INFO] IPUIPlugin:80 - create IPUIPlugin
2024-06-28 14:32:44,192 [INFO] PluginManager:220 - loadIPPluginJar : add genericplugin
2024-06-28 14:32:44,318 [INFO] IPUIPlugin:80 - create IPUIPlugin
2024-06-28 14:32:44,318 [INFO] PluginManager:220 - loadIPPluginJar : add gfxmmu
2024-06-28 14:32:44,490 [INFO] IPUIPlugin:80 - create IPUIPlugin
2024-06-28 14:32:44,490 [INFO] PluginManager:220 - loadIPPluginJar : add gic
2024-06-28 14:32:44,506 [INFO] IPUIPlugin:80 - create IPUIPlugin
2024-06-28 14:32:44,507 [INFO] PluginManager:220 - loadIPPluginJar : add gpio
2024-06-28 14:32:44,640 [INFO] IPUIPlugin:80 - create IPUIPlugin
2024-06-28 14:32:44,640 [INFO] PluginManager:220 - loadIPPluginJar : add gtzc
2024-06-28 14:32:44,686 [INFO] IPUIPlugin:80 - create IPUIPlugin
2024-06-28 14:32:44,687 [INFO] PluginManager:220 - loadIPPluginJar : add hash
2024-06-28 14:32:44,756 [INFO] IPUIPlugin:80 - create IPUIPlugin
2024-06-28 14:32:44,756 [INFO] PluginManager:220 - loadIPPluginJar : add i2c
2024-06-28 14:32:44,817 [INFO] IPUIPlugin:80 - create IPUIPlugin
2024-06-28 14:32:44,817 [INFO] PluginManager:220 - loadIPPluginJar : add i2s
2024-06-28 14:32:44,891 [INFO] IPUIPlugin:80 - create IPUIPlugin
2024-06-28 14:32:44,891 [INFO] PluginManager:220 - loadIPPluginJar : add i3c
2024-06-28 14:32:45,061 [INFO] IPUIPlugin:80 - create IPUIPlugin
2024-06-28 14:32:45,061 [INFO] PluginManager:220 - loadIPPluginJar : add ipddr
2024-06-28 14:32:45,190 [INFO] IPUIPlugin:80 - create IPUIPlugin
2024-06-28 14:32:45,190 [INFO] PluginManager:220 - loadIPPluginJar : add linkedlist
2024-06-28 14:32:45,239 [INFO] IPUIPlugin:80 - create IPUIPlugin
2024-06-28 14:32:45,239 [INFO] PluginManager:220 - loadIPPluginJar : add lorawan
2024-06-28 14:32:45,288 [INFO] IPUIPlugin:80 - create IPUIPlugin
2024-06-28 14:32:45,288 [INFO] PluginManager:220 - loadIPPluginJar : add ltdc
2024-06-28 14:32:45,304 [INFO] IPUIPlugin:80 - create IPUIPlugin
2024-06-28 14:32:45,305 [INFO] PluginManager:220 - loadIPPluginJar : add mdma
2024-06-28 14:32:45,320 [INFO] IPUIPlugin:80 - create IPUIPlugin
2024-06-28 14:32:45,320 [INFO] PluginManager:220 - loadIPPluginJar : add nvic
2024-06-28 14:32:45,367 [INFO] IPUIPlugin:80 - create IPUIPlugin
2024-06-28 14:32:45,367 [INFO] PluginManager:220 - loadIPPluginJar : add opamp
2024-06-28 14:32:45,462 [INFO] IPUIPlugin:80 - create IPUIPlugin
2024-06-28 14:32:45,463 [INFO] PluginManager:220 - loadIPPluginJar : add openamp
2024-06-28 14:32:45,521 [INFO] IPUIPlugin:80 - create IPUIPlugin
2024-06-28 14:32:45,521 [INFO] PluginManager:220 - loadIPPluginJar : add pdm2pcm
2024-06-28 14:32:45,536 [INFO] IPUIPlugin:80 - create IPUIPlugin
2024-06-28 14:32:45,538 [INFO] PluginManager:220 - loadIPPluginJar : add plateformsettings
2024-06-28 14:32:45,566 [INFO] IPUIPlugin:80 - create IPUIPlugin
2024-06-28 14:32:45,566 [INFO] PluginManager:220 - loadIPPluginJar : add quadspi
2024-06-28 14:32:45,580 [INFO] IPUIPlugin:80 - create IPUIPlugin
2024-06-28 14:32:45,580 [INFO] PluginManager:220 - loadIPPluginJar : add resmgrutility
2024-06-28 14:32:45,636 [INFO] IPUIPlugin:80 - create IPUIPlugin
2024-06-28 14:32:45,636 [INFO] PluginManager:220 - loadIPPluginJar : add sai
2024-06-28 14:32:45,681 [INFO] IPUIPlugin:80 - create IPUIPlugin
2024-06-28 14:32:45,681 [INFO] PluginManager:220 - loadIPPluginJar : add spi
2024-06-28 14:32:45,768 [INFO] IPUIPlugin:80 - create IPUIPlugin
2024-06-28 14:32:45,769 [INFO] PluginManager:220 - loadIPPluginJar : add stm32_wpan
2024-06-28 14:32:45,797 [INFO] IPUIPlugin:80 - create IPUIPlugin
2024-06-28 14:32:45,797 [INFO] PluginManager:220 - loadIPPluginJar : add tim
2024-06-28 14:32:45,877 [INFO] IPUIPlugin:80 - create IPUIPlugin
2024-06-28 14:32:45,877 [INFO] PluginManager:220 - loadIPPluginJar : add touchsensing
2024-06-28 14:32:45,903 [INFO] IPUIPlugin:80 - create IPUIPlugin
2024-06-28 14:32:45,904 [INFO] PluginManager:220 - loadIPPluginJar : add tracer_emb
2024-06-28 14:32:45,932 [INFO] IPUIPlugin:80 - create IPUIPlugin
2024-06-28 14:32:45,932 [INFO] PluginManager:220 - loadIPPluginJar : add ts
2024-06-28 14:32:45,959 [INFO] IPUIPlugin:80 - create IPUIPlugin
2024-06-28 14:32:45,959 [INFO] PluginManager:220 - loadIPPluginJar : add tsc
2024-06-28 14:32:45,985 [INFO] IPUIPlugin:80 - create IPUIPlugin
2024-06-28 14:32:45,985 [INFO] PluginManager:220 - loadIPPluginJar : add ucpd
2024-06-28 14:32:46,028 [INFO] ThirdPartyUpdaterWithRetryManager:70 - Updater plugin not ready yet. [2/15]
2024-06-28 14:32:46,041 [INFO] IPUIPlugin:80 - create IPUIPlugin
2024-06-28 14:32:46,041 [INFO] PluginManager:220 - loadIPPluginJar : add usart
2024-06-28 14:32:46,103 [INFO] IPUIPlugin:80 - create IPUIPlugin
2024-06-28 14:32:46,103 [INFO] PluginManager:220 - loadIPPluginJar : add usbx
2024-06-28 14:32:46,246 [INFO] CADModel:165 - CPN selected for project level
2024-06-28 14:32:46,246 [INFO] CADModel:114 - Register for checkConnection events
2024-06-28 14:32:46,246 [FATAL] Updater:308 - Updater called before beeing initialized
2024-06-28 14:32:46,246 [ERROR] CADModel:125 - Updater not yet initialized, retry later 
2024-06-28 14:32:46,430 [INFO] CADModel:165 - CPN selected for project level
2024-06-28 14:32:46,430 [INFO] CADModel:114 - Register for checkConnection events
2024-06-28 14:32:46,430 [FATAL] Updater:308 - Updater called before beeing initialized
2024-06-28 14:32:46,430 [ERROR] CADModel:125 - Updater not yet initialized, retry later 
2024-06-28 14:32:46,435 [FATAL] Updater:308 - Updater called before beeing initialized
2024-06-28 14:32:46,572 [FATAL] Updater:308 - Updater called before beeing initialized
2024-06-28 14:32:46,583 [INFO] DbMcusAds:53 - JSON generation date=Thu May 16 11:22:00 CEST 2024 (1715851320852)
2024-06-28 14:32:46,583 [FATAL] Updater:308 - Updater called before beeing initialized
2024-06-28 14:32:46,677 [WARN] DetailPanel:346 - Failed to get advertising image, set to default
2024-06-28 14:32:46,793 [FATAL] Updater:308 - Updater called before beeing initialized
2024-06-28 14:32:46,795 [FATAL] Updater:308 - Updater called before beeing initialized
2024-06-28 14:32:46,796 [FATAL] Updater:308 - Updater called before beeing initialized
2024-06-28 14:32:46,796 [WARN] DetailPanel:346 - Failed to get advertising image, set to default
2024-06-28 14:32:46,797 [FATAL] Updater:308 - Updater called before beeing initialized
2024-06-28 14:32:46,909 [ERROR] Updater:1120 - MainUpdater not yet initialized. External WinMGr cannot be set.
2024-06-28 14:32:46,925 [INFO] Updater:1056 - Updater Version found : 6.11.0
2024-06-28 14:32:46,948 [INFO] ApplicationProperties:184 - Using Application install path: H:\STM32_cube_ide\STM32CubeIDE_1.15.0\STM32CubeIDE\plugins\com.st.stm32cube.common.mx_6.11.0.202403141607
2024-06-28 14:32:47,339 [INFO] MainUpdater:2873 - connection check result : 10
2024-06-28 14:32:47,339 [INFO] MainUpdater:290 - Updater Check For Update Now.
2024-06-28 14:32:47,340 [INFO] MicroXplorer:498 - Change Database Version : DB.6.0.110
2024-06-28 14:32:47,361 [INFO] McuFinderGlobals:63 - Set McuFinder mode to 2 (CubeIDE integrated)
2024-06-28 14:32:47,382 [INFO] UserAuth:415 - Internet connection configuration mode: 1
2024-06-28 14:32:47,422 [INFO] JxBrowserEngine:152 - Initiate JxBrowser Engine with user profile folder
2024-06-28 14:32:47,579 [INFO] CheckServerUpdateThread:120 - End of CheckServer Thread
2024-06-28 14:32:49,469 [WARN] PackLoader:240 - Cannot read IP mode file for STMicroelectronics.FP-SNS-MOTENVWB1.1.4.0
2024-06-28 14:32:49,507 [WARN] PackLoader:240 - Cannot read IP mode file for STMicroelectronics.X-CUBE-SMBUS.2.1.0
2024-06-28 14:32:49,551 [WARN] PackLoader:240 - Cannot read IP mode file for STMicroelectronics.X-CUBE-TOUCHGFX.4.23.2
2024-06-28 14:32:49,640 [WARN] PackLoader:240 - Cannot read IP mode file for STMicroelectronics.X-CUBE-AZRTOS-F7.1.1.0
2024-06-28 14:32:49,680 [WARN] PackLoader:240 - Cannot read IP mode file for STMicroelectronics.FP-SNS-FLIGHT1.5.0.2
2024-06-28 14:32:49,796 [WARN] PackLoader:240 - Cannot read IP mode file for STMicroelectronics.X-CUBE-DISPLAY.3.0.0
2024-06-28 14:32:49,873 [WARN] PackLoader:240 - Cannot read IP mode file for STMicroelectronics.X-CUBE-BLE1.7.0.0
2024-06-28 14:32:49,906 [WARN] PackLoader:240 - Cannot read IP mode file for emotas.I-CUBE-CANOPEN.1.3.0
2024-06-28 14:32:49,949 [WARN] PackLoader:240 - Cannot read IP mode file for STMicroelectronics.X-CUBE-BLEMGR.3.1.0
2024-06-28 14:32:49,974 [WARN] PackLoader:240 - Cannot read IP mode file for STMicroelectronics.FP-SNS-SMARTAG2.1.2.0
2024-06-28 14:32:50,006 [INFO] LogOutputStream:77 - [STDOUT_REDIRECT] 1 : Invalid condition id : UX_CORESTACK_Condition cause : null
2024-06-28 14:32:50,007 [INFO] LogOutputStream:77 - [STDOUT_REDIRECT] 1 : Invalid condition id : UX_CORESTACK_Condition cause : null
2024-06-28 14:32:50,009 [INFO] LogOutputStream:77 - [STDOUT_REDIRECT] 1 : Invalid condition id : UX_CORESTACK_Condition cause : null
2024-06-28 14:32:50,011 [INFO] LogOutputStream:77 - [STDOUT_REDIRECT] 1 : Invalid condition id : UX_CORESTACK_Condition cause : null
2024-06-28 14:32:50,013 [INFO] LogOutputStream:77 - [STDOUT_REDIRECT] 1 : Invalid condition id : UX_CORESTACK_Condition cause : null
2024-06-28 14:32:50,017 [WARN] PackLoader:240 - Cannot read IP mode file for STMicroelectronics.X-CUBE-AZRTOS-WL.2.0.0
2024-06-28 14:32:50,036 [WARN] PackLoader:240 - Cannot read IP mode file for STMicroelectronics.FP-SNS-MOTENV1.5.0.0
2024-06-28 14:32:50,055 [WARN] PackLoader:240 - Cannot read IP mode file for wolfSSL.I-CUBE-wolfMQTT.1.19.0
2024-06-28 14:32:50,078 [WARN] PackLoader:240 - Cannot read IP mode file for WES.I-CUBE-Cesium.1.3.0
2024-06-28 14:32:50,098 [WARN] PackLoader:240 - Cannot read IP mode file for STMicroelectronics.X-CUBE-BLE2.3.3.0
2024-06-28 14:32:50,119 [WARN] PackLoader:240 - Cannot read IP mode file for STMicroelectronics.X-CUBE-TCPP.4.1.0
2024-06-28 14:32:50,141 [WARN] PackLoader:240 - Cannot read IP mode file for STMicroelectronics.X-CUBE-ALGOBUILD.1.3.0
2024-06-28 14:32:50,193 [WARN] PackLoader:240 - Cannot read IP mode file for STMicroelectronics.X-CUBE-AZRTOS-G0.1.1.0
2024-06-28 14:32:50,227 [WARN] PackLoader:240 - Cannot read IP mode file for STMicroelectronics.X-CUBE-SAFEA1.1.2.2
2024-06-28 14:32:50,255 [WARN] PackLoader:240 - Cannot read IP mode file for STMicroelectronics.X-CUBE-NFC4.3.0.0
2024-06-28 14:32:50,276 [WARN] PackLoader:240 - Cannot read IP mode file for wolfSSL.I-CUBE-wolfMQTT.1.18.0
2024-06-28 14:32:50,299 [WARN] PackLoader:240 - Cannot read IP mode file for wolfSSL.I-CUBE-wolfSSL.5.7.0
2024-06-28 14:32:50,321 [WARN] PackLoader:240 - Cannot read IP mode file for STMicroelectronics.FP-ATR-SIGFOX1.3.2.0
2024-06-28 14:32:50,352 [WARN] PackLoader:240 - Cannot read IP mode file for STMicroelectronics.X-CUBE-EEPRMA1.5.1.0
2024-06-28 14:32:50,392 [WARN] PackLoader:240 - Cannot read IP mode file for ITTIA_DB.I-CUBE-ITTIADB.8.9.0
2024-06-28 14:32:50,456 [WARN] PackLoader:240 - Cannot read IP mode file for SEGGER.I-CUBE-embOS.1.3.1
2024-06-28 14:32:50,566 [WARN] PackLoader:240 - Cannot read IP mode file for STMicroelectronics.X-CUBE-ALGOBUILD.1.4.0
2024-06-28 14:32:50,607 [WARN] PackLoader:240 - Cannot read IP mode file for STMicroelectronics.X-CUBE-GNSS1.6.0.0
2024-06-28 14:32:50,678 [WARN] PackLoader:240 - Cannot read IP mode file for STMicroelectronics.X-CUBE-AZRTOS-F4.1.1.0
2024-06-28 14:32:50,739 [WARN] PackLoader:240 - Cannot read IP mode file for STMicroelectronics.X-CUBE-FREERTOS.1.2.0
2024-06-28 14:32:50,802 [WARN] PackLoader:240 - Cannot read IP mode file for STMicroelectronics.X-CUBE-AZRTOS-L5.2.0.0
2024-06-28 14:32:50,839 [WARN] PackLoader:240 - Cannot read IP mode file for STMicroelectronics.X-CUBE-NFC6.3.1.0
2024-06-28 14:32:50,875 [WARN] PackLoader:240 - Cannot read IP mode file for STMicroelectronics.X-CUBE-AI.9.0.0
2024-06-28 14:32:50,900 [WARN] PackLoader:240 - Cannot read IP mode file for STMicroelectronics.X-CUBE-NFC7.1.0.1
2024-06-28 14:32:50,923 [WARN] PackLoader:240 - Cannot read IP mode file for STMicroelectronics.X-CUBE-AI.8.1.0
2024-06-28 14:32:50,989 [WARN] ConditionMgr:438 - getConditionDescription Invalid condition id : LAN8742 Phy interface Condition cause : null
2024-06-28 14:32:50,990 [WARN] PackLoader:240 - Cannot read IP mode file for STMicroelectronics.X-CUBE-AZRTOS-L4.2.0.0
2024-06-28 14:32:50,993 [WARN] ConditionMgr:1039 - genDependencies : Invalid condition id : LAN8742 Phy interface Condition cause : null
2024-06-28 14:32:50,993 [WARN] ConditionMgr:1039 - genDependencies : Invalid condition id : LAN8742 Phy interface Condition cause : null
2024-06-28 14:32:50,993 [WARN] ConditionMgr:1039 - genDependencies : Invalid condition id : LAN8742 Phy interface Condition cause : null
2024-06-28 14:32:51,036 [WARN] PackLoader:240 - Cannot read IP mode file for STMicroelectronics.X-CUBE-SFXS2LP1.4.0.0
2024-06-28 14:32:51,098 [WARN] ConditionMgr:438 - getConditionDescription Invalid condition id : UX DEVICE CLASS RTOS Condition cause : null
2024-06-28 14:32:51,099 [WARN] ConditionMgr:438 - getConditionDescription Invalid condition id : UX DEVICE CLASS RTOS Condition cause : null
2024-06-28 14:32:51,103 [WARN] PackLoader:240 - Cannot read IP mode file for STMicroelectronics.X-CUBE-AZRTOS-WB.2.0.0
2024-06-28 14:32:51,104 [WARN] ConditionMgr:1039 - genDependencies : Invalid condition id : UX DEVICE CLASS RTOS Condition cause : null
2024-06-28 14:32:51,105 [WARN] ConditionMgr:1039 - genDependencies : Invalid condition id : UX DEVICE CLASS RTOS Condition cause : null
2024-06-28 14:32:51,105 [WARN] ConditionMgr:1039 - genDependencies : Invalid condition id : UX DEVICE CLASS RTOS Condition cause : null
2024-06-28 14:32:51,106 [WARN] ConditionMgr:1039 - genDependencies : Invalid condition id : UX DEVICE CLASS RTOS Condition cause : null
2024-06-28 14:32:51,106 [WARN] ConditionMgr:1039 - genDependencies : Invalid condition id : UX DEVICE CLASS RTOS Condition cause : null
2024-06-28 14:32:51,186 [WARN] PackLoader:240 - Cannot read IP mode file for STMicroelectronics.X-CUBE-SUBG2.5.0.0
2024-06-28 14:32:51,213 [WARN] PackLoader:240 - Cannot read IP mode file for Cesanta.I-CUBE-Mongoose.7.13.0
2024-06-28 14:32:51,253 [WARN] PackLoader:240 - Cannot read IP mode file for STMicroelectronics.X-CUBE-AZRTOS-G4.2.0.0
2024-06-28 14:32:51,316 [WARN] PackLoader:240 - Cannot read IP mode file for STMicroelectronics.FP-SNS-MOTENVWB1.1.3.1
2024-06-28 14:32:51,342 [WARN] PackLoader:240 - Cannot read IP mode file for STMicroelectronics.X-CUBE-ISPU.2.0.0
2024-06-28 14:32:51,372 [WARN] PackLoader:240 - Cannot read IP mode file for STMicroelectronics.X-CUBE-ALS.1.0.2
2024-06-28 14:32:51,456 [WARN] PackLoader:240 - Cannot read IP mode file for STMicroelectronics.X-CUBE-MEMS1.10.0.0
2024-06-28 14:32:51,685 [WARN] PackLoader:240 - Cannot read IP mode file for STMicroelectronics.X-CUBE-FREERTOS.1.1.0
2024-06-28 14:32:51,719 [WARN] PackLoader:240 - Cannot read IP mode file for STMicroelectronics.X-CUBE-TOUCHGFX.4.24.0
2024-06-28 14:32:51,752 [WARN] PackLoader:240 - Cannot read IP mode file for portGmbH.I-Cube-SoM-uGOAL.1.1.0
2024-06-28 14:32:51,777 [WARN] PackLoader:240 - Cannot read IP mode file for STMicroelectronics.X-CUBE-ALS.1.0.1
2024-06-28 14:32:51,829 [WARN] PackLoader:240 - Cannot read IP mode file for STMicroelectronics.X-CUBE-AZRTOS-H7RS.1.0.0
2024-06-28 14:32:51,868 [WARN] PackLoader:240 - Cannot read IP mode file for STMicroelectronics.FP-ATR-ASTRA1.2.0.0
2024-06-28 14:32:51,905 [WARN] PackLoader:240 - Cannot read IP mode file for STMicroelectronics.X-CUBE-TOF1.3.4.1
2024-06-28 14:32:51,982 [WARN] PackLoader:240 - Cannot read IP mode file for STMicroelectronics.X-CUBE-AZRTOS-H7.3.2.0
2024-06-28 14:32:52,038 [WARN] PackLoader:240 - Cannot read IP mode file for Infineon.AIROC-Wi-Fi-Bluetooth-STM32.1.6.0
2024-06-28 14:32:52,047 [INFO] ThirdParty:978 - Integrity check success = true
2024-06-28 14:32:52,047 [INFO] IntegrityCheckThread:100 - exiting critical section [integrity check]
2024-06-28 14:32:52,047 [INFO] IntegrityCheckThread:103 - End integrity checks thread
2024-06-28 14:32:55,032 [INFO] WebApp:161 - Instantiating new browser for Auth
2024-06-28 14:32:55,777 [INFO] WebApp:779 - Register for checkConnection events
2024-06-28 14:32:55,777 [INFO] WebApp:414 - Apply proxy settings
2024-06-28 14:32:55,777 [INFO] WebApp:499 - Chromium requires no authentication
2024-06-28 14:32:55,790 [INFO] WebApp:442 - Direct internet connection detected
2024-06-28 14:32:55,992 [INFO] WebApp:192 - Starting web application
2024-06-28 14:32:55,992 [INFO] WebApp:544 - Web application path used H:\STM32_cube_ide\STM32CubeIDE_1.15.0\STM32CubeIDE\plugins\com.st.stm32cube.common.mx_6.11.0.202403141607\db\plugins\mcufinder\reactClient1\index.html
