2024-06-27 09:06:35,591 [INFO] Activator:176 - 


2024-06-27 09:06:35,598 [INFO] Activator:177 - !SESSION log4j initialized
2024-06-27 09:06:44,559 [INFO] LogOutputStream:77 - [STDOUT_REDIRECT] 
2024-06-27 09:06:51,062 [INFO] ApplicationProperties:184 - Using Application install path: H:\STM32_cube_ide\STM32CubeIDE_1.15.0\STM32CubeIDE\plugins\com.st.stm32cube.common.mx_6.11.0.202403141607
2024-06-27 09:06:51,082 [INFO] DbMcusXml:78 - Set database path to: H:\STM32_cube_ide\STM32CubeIDE_1.15.0\STM32CubeIDE\plugins\com.st.stm32cube.common.mx_6.11.0.202403141607\\db\/mcu/
2024-06-27 09:06:51,083 [INFO] ApiDb:274 - Set plugin database path to: H:\STM32_cube_ide\STM32CubeIDE_1.15.0\STM32CubeIDE\plugins\com.st.stm32cube.common.mx_6.11.0.202403141607\\db\/plugins/boardmanager/
2024-06-27 09:06:51,083 [WARN] ApiDb:259 - Overriding images path with different value:  => H:\STM32_cube_ide\STM32CubeIDE_1.15.0\STM32CubeIDE\plugins\com.st.stm32cube.common.mx_6.11.0.202403141607\\db\/plugins/mcufinder/images/
2024-06-27 09:06:51,098 [INFO] ApiDb:250 - Set database path to: C:\Users\Gregstr\.stmcufinder\plugins\mcufinder//mcu/
2024-06-27 09:06:51,100 [INFO] DbMcusAds:125 - Set database path to: C:\Users\Gregstr\.stmcufinder\plugins\mcufinder//mcu/
2024-06-27 09:06:51,102 [INFO] CrossReferenceDbSqlite:203 - Set database path to: C:\Users\Gregstr\.stmcufinder\plugins\mcufinder//mcu/cs/
2024-06-27 09:06:51,223 [INFO] RulesReader:64 - Compatibility file has been processed (297 Rules)
2024-06-27 09:06:51,316 [INFO] DbMcusXml:78 - Set database path to: H:\STM32_cube_ide\STM32CubeIDE_1.15.0\STM32CubeIDE\plugins\com.st.stm32cube.common.mx_6.11.0.202403141607\\db\/mcu/
2024-06-27 09:06:51,316 [INFO] ApiDb:274 - Set plugin database path to: H:\STM32_cube_ide\STM32CubeIDE_1.15.0\STM32CubeIDE\plugins\com.st.stm32cube.common.mx_6.11.0.202403141607\\db\/plugins/boardmanager/
2024-06-27 09:06:51,316 [INFO] ApiDb:261 - Set plugin images path to: H:\STM32_cube_ide\STM32CubeIDE_1.15.0\STM32CubeIDE\plugins\com.st.stm32cube.common.mx_6.11.0.202403141607\\db\/plugins/mcufinder/images/
2024-06-27 09:06:51,316 [WARN] DbFile:41 - Overriding database path with different value: C:\Users\Gregstr\.stmcufinder\plugins\mcufinder/ => C:\Users\Gregstr\.stmcufinder\plugins\mcufinder
2024-06-27 09:06:51,316 [INFO] ApiDb:250 - Set database path to: C:\Users\Gregstr\.stmcufinder\plugins\mcufinder//mcu/
2024-06-27 09:06:51,316 [WARN] DbFile:41 - Overriding database path with different value: C:\Users\Gregstr\.stmcufinder\plugins\mcufinder/ => C:\Users\Gregstr\.stmcufinder\plugins\mcufinder
2024-06-27 09:06:51,316 [INFO] DbMcusAds:125 - Set database path to: C:\Users\Gregstr\.stmcufinder\plugins\mcufinder//mcu/
2024-06-27 09:06:51,316 [WARN] DbFile:41 - Overriding database path with different value: C:\Users\Gregstr\.stmcufinder\plugins\mcufinder/ => C:\Users\Gregstr\.stmcufinder\plugins\mcufinder
2024-06-27 09:06:51,317 [WARN] DbFile:41 - Overriding database path with different value: C:\Users\Gregstr\.stmcufinder\plugins\mcufinder/ => C:\Users\Gregstr\.stmcufinder\plugins\mcufinder
2024-06-27 09:06:51,317 [INFO] CrossReferenceDbSqlite:203 - Set database path to: C:\Users\Gregstr\.stmcufinder\plugins\mcufinder//mcu/cs/
2024-06-27 09:06:51,401 [INFO] MainPanel:264 - HeapMemory: 268435456
2024-06-27 09:06:51,502 [INFO] DbMcusXml:78 - Set database path to: H:\STM32_cube_ide\STM32CubeIDE_1.15.0\STM32CubeIDE\plugins\com.st.stm32cube.common.mx_6.11.0.202403141607\\db\/mcu/
2024-06-27 09:06:51,502 [INFO] ApiDb:274 - Set plugin database path to: H:\STM32_cube_ide\STM32CubeIDE_1.15.0\STM32CubeIDE\plugins\com.st.stm32cube.common.mx_6.11.0.202403141607\\db\/plugins/boardmanager/
2024-06-27 09:06:51,502 [INFO] ApiDb:261 - Set plugin images path to: H:\STM32_cube_ide\STM32CubeIDE_1.15.0\STM32CubeIDE\plugins\com.st.stm32cube.common.mx_6.11.0.202403141607\\db\/plugins/mcufinder/images/
2024-06-27 09:06:51,503 [WARN] DbFile:41 - Overriding database path with different value: C:\Users\Gregstr\.stmcufinder\plugins\mcufinder/ => C:\Users\Gregstr\.stmcufinder\plugins\mcufinder
2024-06-27 09:06:51,503 [INFO] ApiDb:250 - Set database path to: C:\Users\Gregstr\.stmcufinder\plugins\mcufinder//mcu/
2024-06-27 09:06:51,503 [WARN] DbFile:41 - Overriding database path with different value: C:\Users\Gregstr\.stmcufinder\plugins\mcufinder/ => C:\Users\Gregstr\.stmcufinder\plugins\mcufinder
2024-06-27 09:06:51,503 [INFO] DbMcusAds:125 - Set database path to: C:\Users\Gregstr\.stmcufinder\plugins\mcufinder//mcu/
2024-06-27 09:06:51,503 [WARN] DbFile:41 - Overriding database path with different value: C:\Users\Gregstr\.stmcufinder\plugins\mcufinder/ => C:\Users\Gregstr\.stmcufinder\plugins\mcufinder
2024-06-27 09:06:51,503 [WARN] DbFile:41 - Overriding database path with different value: C:\Users\Gregstr\.stmcufinder\plugins\mcufinder/ => C:\Users\Gregstr\.stmcufinder\plugins\mcufinder
2024-06-27 09:06:51,503 [INFO] CrossReferenceDbSqlite:203 - Set database path to: C:\Users\Gregstr\.stmcufinder\plugins\mcufinder//mcu/cs/
2024-06-27 09:06:51,524 [INFO] ApplicationProperties:184 - Using Application install path: H:\STM32_cube_ide\STM32CubeIDE_1.15.0\STM32CubeIDE\plugins\com.st.stm32cube.common.mx_6.11.0.202403141607
2024-06-27 09:06:51,526 [INFO] PluginManage:196 - Search for loadable plugins [exclusion list=, ]
2024-06-27 09:06:51,527 [INFO] PluginManage:310 - Check plugin analytics
2024-06-27 09:06:56,226 [INFO] AnalyticsPlugin:253 - Accepted Software Licenses: STM32CubeMX.6.11.0
2024-06-27 09:06:56,227 [INFO] AnalyticsPlugin:255 - Accepted CMSIS Pack Licenses: 
2024-06-27 09:06:56,227 [INFO] AnalyticsPlugin:257 - Accepted Firmware Licenses: 
2024-06-27 09:06:56,230 [INFO] PluginManage:359 - Loaded plugin analytics (category:tool,tabindex:-1)
2024-06-27 09:06:56,231 [INFO] PluginManage:310 - Check plugin cadmodel
2024-06-27 09:06:56,248 [INFO] CADModel:105 - Init CAD model plugin
2024-06-27 09:06:56,248 [INFO] PluginManage:359 - Loaded plugin cadmodel (category:power,tabindex:5)
2024-06-27 09:06:56,249 [INFO] PluginManage:310 - Check plugin clock
2024-06-27 09:06:56,270 [INFO] PluginManage:359 - Loaded plugin clock (category:base,tabindex:2)
2024-06-27 09:06:56,270 [INFO] PluginManage:310 - Check plugin ddr
2024-06-27 09:06:56,272 [INFO] PluginManage:359 - Loaded plugin ddr (category:tool,tabindex:6)
2024-06-27 09:06:56,272 [INFO] PluginManage:310 - Check plugin filemanager
2024-06-27 09:06:56,433 [INFO] PluginManage:359 - Loaded plugin filemanager (category:base,tabindex:10)
2024-06-27 09:06:56,434 [INFO] PluginManage:310 - Check plugin ipmanager
2024-06-27 09:06:56,441 [INFO] PluginManage:359 - Loaded plugin ipmanager (category:base,tabindex:5)
2024-06-27 09:06:56,442 [INFO] PluginManage:310 - Check plugin lpbam
2024-06-27 09:06:56,460 [INFO] PluginManage:359 - Loaded plugin lpbam (category:base,tabindex:0)
2024-06-27 09:06:56,461 [INFO] PluginManage:310 - Check plugin memorymap
2024-06-27 09:06:56,487 [INFO] PluginManage:359 - Loaded plugin memorymap (category:base,tabindex:4)
2024-06-27 09:06:56,487 [INFO] PluginManage:310 - Check plugin pinoutandconfiguration
2024-06-27 09:06:56,505 [INFO] PluginManage:359 - Loaded plugin pinoutandconfiguration (category:base,tabindex:1)
2024-06-27 09:06:56,505 [INFO] PluginManage:310 - Check plugin pinoutconfig
2024-06-27 09:06:56,600 [WARN] SupportedApi:132 - Cannot load RTOS API schema: s4s-elt-must-match.1: The content of 'definitions' must match (annotation?, (simpleType | complexType)?, (unique | key | keyref)*)). A problem was found starting at: attribute.
2024-06-27 09:06:56,753 [INFO] PluginManage:359 - Loaded plugin pinoutconfig (category:base,tabindex:0)
2024-06-27 09:06:56,754 [INFO] PluginManage:310 - Check plugin power
2024-06-27 09:06:56,775 [INFO] PluginManage:359 - Loaded plugin power (category:power,tabindex:4)
2024-06-27 09:06:56,775 [INFO] PluginManage:310 - Check plugin projectmanager
2024-06-27 09:06:56,795 [INFO] PluginManage:359 - Loaded plugin projectmanager (category:projectmanager,tabindex:3)
2024-06-27 09:06:56,795 [INFO] PluginManage:310 - Check plugin thirdparty
2024-06-27 09:06:57,101 [INFO] PluginManage:359 - Loaded plugin thirdparty (category:base,tabindex:-1)
2024-06-27 09:06:57,101 [WARN] IntegrityCheckThread:84 - waiting for thirdparty lock release [integrity check]
2024-06-27 09:06:57,101 [INFO] PluginManage:310 - Check plugin tools
2024-06-27 09:06:57,101 [INFO] IntegrityCheckThread:86 - entering critical section [integrity check]
2024-06-27 09:06:57,102 [INFO] ThirdPartyUpdaterWithRetryManager:70 - Updater plugin not ready yet. [1/15]
2024-06-27 09:06:57,139 [INFO] PluginManage:359 - Loaded plugin tools (category:base,tabindex:7)
2024-06-27 09:06:57,140 [INFO] PluginManage:310 - Check plugin tutovideos
2024-06-27 09:06:57,348 [INFO] PluginManage:359 - Loaded plugin tutovideos (category:base,tabindex:-1)
2024-06-27 09:06:57,348 [INFO] PluginManage:310 - Check plugin updater
2024-06-27 09:06:57,359 [INFO] PluginManage:359 - Loaded plugin updater (category:base,tabindex:12)
2024-06-27 09:06:57,359 [INFO] PluginManage:310 - Check plugin userauth
2024-06-27 09:06:57,366 [INFO] UserAuth:114 - Init User Auth plugin
2024-06-27 09:06:57,366 [INFO] PluginManage:359 - Loaded plugin userauth (category:base,tabindex:14)
2024-06-27 09:06:57,366 [INFO] PluginManage:283 - PluginManage : Loaded plugins [17]
2024-06-27 09:06:57,612 [INFO] PinOutPanel:1561 - setPackage(No Configuration,No Configuration)
2024-06-27 09:06:57,703 [INFO] CADModel:165 - CPN selected for project level
2024-06-27 09:06:57,703 [INFO] CADModel:114 - Register for checkConnection events
2024-06-27 09:06:57,732 [INFO] IPUIPlugin:80 - create IPUIPlugin
2024-06-27 09:06:57,732 [INFO] PluginManager:220 - loadIPPluginJar : add adc
2024-06-27 09:06:57,770 [INFO] IPUIPlugin:80 - create IPUIPlugin
2024-06-27 09:06:57,771 [INFO] PluginManager:220 - loadIPPluginJar : add aes
2024-06-27 09:06:57,816 [INFO] IPUIPlugin:80 - create IPUIPlugin
2024-06-27 09:06:57,816 [INFO] PluginManager:220 - loadIPPluginJar : add can
2024-06-27 09:06:57,842 [INFO] IPUIPlugin:80 - create IPUIPlugin
2024-06-27 09:06:57,842 [INFO] PluginManager:220 - loadIPPluginJar : add comp
2024-06-27 09:06:57,879 [INFO] IPUIPlugin:80 - create IPUIPlugin
2024-06-27 09:06:57,879 [INFO] PluginManager:220 - loadIPPluginJar : add cryp
2024-06-27 09:06:57,914 [INFO] IPUIPlugin:80 - create IPUIPlugin
2024-06-27 09:06:57,914 [INFO] PluginManager:220 - loadIPPluginJar : add dfsdm
2024-06-27 09:06:57,930 [INFO] IPUIPlugin:80 - create IPUIPlugin
2024-06-27 09:06:57,931 [INFO] PluginManager:220 - loadIPPluginJar : add dma
2024-06-27 09:06:57,982 [INFO] IPUIPlugin:80 - create IPUIPlugin
2024-06-27 09:06:57,982 [INFO] PluginManager:220 - loadIPPluginJar : add dma3
2024-06-27 09:06:58,031 [INFO] IPUIPlugin:80 - create IPUIPlugin
2024-06-27 09:06:58,031 [INFO] PluginManager:220 - loadIPPluginJar : add extmemmanager
2024-06-27 09:06:58,052 [INFO] IPUIPlugin:80 - create IPUIPlugin
2024-06-27 09:06:58,053 [INFO] PluginManager:220 - loadIPPluginJar : add fatfs
2024-06-27 09:06:58,103 [INFO] IPUIPlugin:80 - create IPUIPlugin
2024-06-27 09:06:58,103 [INFO] PluginManager:220 - loadIPPluginJar : add fmc
2024-06-27 09:06:58,119 [INFO] IPUIPlugin:80 - create IPUIPlugin
2024-06-27 09:06:58,119 [INFO] PluginManager:220 - loadIPPluginJar : add freertos
2024-06-27 09:06:58,140 [INFO] IPUIPlugin:80 - create IPUIPlugin
2024-06-27 09:06:58,140 [INFO] PluginManager:220 - loadIPPluginJar : add genericplugin
2024-06-27 09:06:58,250 [INFO] IPUIPlugin:80 - create IPUIPlugin
2024-06-27 09:06:58,250 [INFO] PluginManager:220 - loadIPPluginJar : add gfxmmu
2024-06-27 09:06:58,398 [INFO] IPUIPlugin:80 - create IPUIPlugin
2024-06-27 09:06:58,398 [INFO] PluginManager:220 - loadIPPluginJar : add gic
2024-06-27 09:06:58,411 [INFO] IPUIPlugin:80 - create IPUIPlugin
2024-06-27 09:06:58,411 [INFO] PluginManager:220 - loadIPPluginJar : add gpio
2024-06-27 09:06:58,512 [INFO] IPUIPlugin:80 - create IPUIPlugin
2024-06-27 09:06:58,512 [INFO] PluginManager:220 - loadIPPluginJar : add gtzc
2024-06-27 09:06:58,546 [INFO] IPUIPlugin:80 - create IPUIPlugin
2024-06-27 09:06:58,546 [INFO] PluginManager:220 - loadIPPluginJar : add hash
2024-06-27 09:06:58,603 [INFO] IPUIPlugin:80 - create IPUIPlugin
2024-06-27 09:06:58,603 [INFO] PluginManager:220 - loadIPPluginJar : add i2c
2024-06-27 09:06:58,648 [INFO] IPUIPlugin:80 - create IPUIPlugin
2024-06-27 09:06:58,648 [INFO] PluginManager:220 - loadIPPluginJar : add i2s
2024-06-27 09:06:58,691 [INFO] IPUIPlugin:80 - create IPUIPlugin
2024-06-27 09:06:58,691 [INFO] PluginManager:220 - loadIPPluginJar : add i3c
2024-06-27 09:06:58,801 [INFO] IPUIPlugin:80 - create IPUIPlugin
2024-06-27 09:06:58,801 [INFO] PluginManager:220 - loadIPPluginJar : add ipddr
2024-06-27 09:06:58,898 [INFO] IPUIPlugin:80 - create IPUIPlugin
2024-06-27 09:06:58,898 [INFO] PluginManager:220 - loadIPPluginJar : add linkedlist
2024-06-27 09:06:58,935 [INFO] IPUIPlugin:80 - create IPUIPlugin
2024-06-27 09:06:58,935 [INFO] PluginManager:220 - loadIPPluginJar : add lorawan
2024-06-27 09:06:58,973 [INFO] IPUIPlugin:80 - create IPUIPlugin
2024-06-27 09:06:58,973 [INFO] PluginManager:220 - loadIPPluginJar : add ltdc
2024-06-27 09:06:58,988 [INFO] IPUIPlugin:80 - create IPUIPlugin
2024-06-27 09:06:58,988 [INFO] PluginManager:220 - loadIPPluginJar : add mdma
2024-06-27 09:06:59,000 [INFO] IPUIPlugin:80 - create IPUIPlugin
2024-06-27 09:06:59,000 [INFO] PluginManager:220 - loadIPPluginJar : add nvic
2024-06-27 09:06:59,038 [INFO] IPUIPlugin:80 - create IPUIPlugin
2024-06-27 09:06:59,038 [INFO] PluginManager:220 - loadIPPluginJar : add opamp
2024-06-27 09:06:59,107 [INFO] IPUIPlugin:80 - create IPUIPlugin
2024-06-27 09:06:59,107 [INFO] PluginManager:220 - loadIPPluginJar : add openamp
2024-06-27 09:06:59,157 [INFO] IPUIPlugin:80 - create IPUIPlugin
2024-06-27 09:06:59,157 [INFO] PluginManager:220 - loadIPPluginJar : add pdm2pcm
2024-06-27 09:06:59,172 [INFO] IPUIPlugin:80 - create IPUIPlugin
2024-06-27 09:06:59,174 [INFO] PluginManager:220 - loadIPPluginJar : add plateformsettings
2024-06-27 09:06:59,197 [INFO] IPUIPlugin:80 - create IPUIPlugin
2024-06-27 09:06:59,197 [INFO] PluginManager:220 - loadIPPluginJar : add quadspi
2024-06-27 09:06:59,215 [INFO] IPUIPlugin:80 - create IPUIPlugin
2024-06-27 09:06:59,215 [INFO] PluginManager:220 - loadIPPluginJar : add resmgrutility
2024-06-27 09:06:59,269 [INFO] IPUIPlugin:80 - create IPUIPlugin
2024-06-27 09:06:59,269 [INFO] PluginManager:220 - loadIPPluginJar : add sai
2024-06-27 09:06:59,310 [INFO] IPUIPlugin:80 - create IPUIPlugin
2024-06-27 09:06:59,310 [INFO] PluginManager:220 - loadIPPluginJar : add spi
2024-06-27 09:06:59,384 [INFO] IPUIPlugin:80 - create IPUIPlugin
2024-06-27 09:06:59,384 [INFO] PluginManager:220 - loadIPPluginJar : add stm32_wpan
2024-06-27 09:06:59,408 [INFO] IPUIPlugin:80 - create IPUIPlugin
2024-06-27 09:06:59,408 [INFO] PluginManager:220 - loadIPPluginJar : add tim
2024-06-27 09:06:59,472 [INFO] IPUIPlugin:80 - create IPUIPlugin
2024-06-27 09:06:59,472 [INFO] PluginManager:220 - loadIPPluginJar : add touchsensing
2024-06-27 09:06:59,495 [INFO] IPUIPlugin:80 - create IPUIPlugin
2024-06-27 09:06:59,495 [INFO] PluginManager:220 - loadIPPluginJar : add tracer_emb
2024-06-27 09:06:59,519 [INFO] IPUIPlugin:80 - create IPUIPlugin
2024-06-27 09:06:59,519 [INFO] PluginManager:220 - loadIPPluginJar : add ts
2024-06-27 09:06:59,542 [INFO] IPUIPlugin:80 - create IPUIPlugin
2024-06-27 09:06:59,542 [INFO] PluginManager:220 - loadIPPluginJar : add tsc
2024-06-27 09:06:59,566 [INFO] IPUIPlugin:80 - create IPUIPlugin
2024-06-27 09:06:59,566 [INFO] PluginManager:220 - loadIPPluginJar : add ucpd
2024-06-27 09:06:59,612 [INFO] IPUIPlugin:80 - create IPUIPlugin
2024-06-27 09:06:59,612 [INFO] PluginManager:220 - loadIPPluginJar : add usart
2024-06-27 09:06:59,658 [INFO] IPUIPlugin:80 - create IPUIPlugin
2024-06-27 09:06:59,658 [INFO] PluginManager:220 - loadIPPluginJar : add usbx
2024-06-27 09:06:59,794 [INFO] CADModel:165 - CPN selected for project level
2024-06-27 09:06:59,795 [INFO] CADModel:114 - Register for checkConnection events
2024-06-27 09:06:59,795 [FATAL] Updater:308 - Updater called before beeing initialized
2024-06-27 09:06:59,795 [ERROR] CADModel:125 - Updater not yet initialized, retry later 
2024-06-27 09:06:59,976 [INFO] CADModel:165 - CPN selected for project level
2024-06-27 09:06:59,976 [INFO] CADModel:114 - Register for checkConnection events
2024-06-27 09:06:59,976 [FATAL] Updater:308 - Updater called before beeing initialized
2024-06-27 09:06:59,976 [ERROR] CADModel:125 - Updater not yet initialized, retry later 
2024-06-27 09:06:59,980 [FATAL] Updater:308 - Updater called before beeing initialized
2024-06-27 09:07:00,103 [INFO] ThirdPartyUpdaterWithRetryManager:70 - Updater plugin not ready yet. [2/15]
2024-06-27 09:07:00,125 [FATAL] Updater:308 - Updater called before beeing initialized
2024-06-27 09:07:00,137 [INFO] DbMcusAds:53 - JSON generation date=Thu May 16 11:22:00 CEST 2024 (1715851320852)
2024-06-27 09:07:00,138 [FATAL] Updater:308 - Updater called before beeing initialized
2024-06-27 09:07:00,240 [WARN] DetailPanel:346 - Failed to get advertising image, set to default
2024-06-27 09:07:00,353 [FATAL] Updater:308 - Updater called before beeing initialized
2024-06-27 09:07:00,355 [FATAL] Updater:308 - Updater called before beeing initialized
2024-06-27 09:07:00,355 [FATAL] Updater:308 - Updater called before beeing initialized
2024-06-27 09:07:00,355 [WARN] DetailPanel:346 - Failed to get advertising image, set to default
2024-06-27 09:07:00,356 [FATAL] Updater:308 - Updater called before beeing initialized
2024-06-27 09:07:00,472 [ERROR] Updater:1120 - MainUpdater not yet initialized. External WinMGr cannot be set.
2024-06-27 09:07:00,485 [INFO] Updater:1056 - Updater Version found : 6.11.0
2024-06-27 09:07:00,511 [INFO] ApplicationProperties:184 - Using Application install path: H:\STM32_cube_ide\STM32CubeIDE_1.15.0\STM32CubeIDE\plugins\com.st.stm32cube.common.mx_6.11.0.202403141607
2024-06-27 09:07:00,878 [INFO] MainUpdater:2873 - connection check result : 10
2024-06-27 09:07:00,879 [INFO] MainUpdater:290 - Updater Check For Update Now.
2024-06-27 09:07:00,879 [INFO] MicroXplorer:498 - Change Database Version : DB.6.0.110
2024-06-27 09:07:00,899 [INFO] McuFinderGlobals:63 - Set McuFinder mode to 2 (CubeIDE integrated)
2024-06-27 09:07:00,915 [INFO] UserAuth:415 - Internet connection configuration mode: 1
2024-06-27 09:07:00,957 [INFO] JxBrowserEngine:152 - Initiate JxBrowser Engine with user profile folder
2024-06-27 09:07:01,100 [INFO] CheckServerUpdateThread:120 - End of CheckServer Thread
2024-06-27 09:07:03,342 [WARN] PackLoader:240 - Cannot read IP mode file for STMicroelectronics.FP-SNS-MOTENVWB1.1.4.0
2024-06-27 09:07:03,360 [WARN] PackLoader:240 - Cannot read IP mode file for STMicroelectronics.X-CUBE-SMBUS.2.1.0
2024-06-27 09:07:03,374 [WARN] PackLoader:240 - Cannot read IP mode file for STMicroelectronics.X-CUBE-TOUCHGFX.4.23.2
2024-06-27 09:07:03,416 [WARN] PackLoader:240 - Cannot read IP mode file for STMicroelectronics.X-CUBE-AZRTOS-F7.1.1.0
2024-06-27 09:07:03,437 [WARN] PackLoader:240 - Cannot read IP mode file for STMicroelectronics.FP-SNS-FLIGHT1.5.0.2
2024-06-27 09:07:03,459 [WARN] PackLoader:240 - Cannot read IP mode file for STMicroelectronics.X-CUBE-DISPLAY.3.0.0
2024-06-27 09:07:03,483 [WARN] PackLoader:240 - Cannot read IP mode file for STMicroelectronics.X-CUBE-BLE1.7.0.0
2024-06-27 09:07:03,497 [WARN] PackLoader:240 - Cannot read IP mode file for emotas.I-CUBE-CANOPEN.1.3.0
2024-06-27 09:07:03,517 [WARN] PackLoader:240 - Cannot read IP mode file for STMicroelectronics.X-CUBE-BLEMGR.3.1.0
2024-06-27 09:07:03,536 [WARN] PackLoader:240 - Cannot read IP mode file for STMicroelectronics.FP-SNS-SMARTAG2.1.2.0
2024-06-27 09:07:03,561 [INFO] LogOutputStream:77 - [STDOUT_REDIRECT] 1 : Invalid condition id : UX_CORESTACK_Condition cause : null
2024-06-27 09:07:03,562 [INFO] LogOutputStream:77 - [STDOUT_REDIRECT] 1 : Invalid condition id : UX_CORESTACK_Condition cause : null
2024-06-27 09:07:03,563 [INFO] LogOutputStream:77 - [STDOUT_REDIRECT] 1 : Invalid condition id : UX_CORESTACK_Condition cause : null
2024-06-27 09:07:03,564 [INFO] LogOutputStream:77 - [STDOUT_REDIRECT] 1 : Invalid condition id : UX_CORESTACK_Condition cause : null
2024-06-27 09:07:03,565 [INFO] LogOutputStream:77 - [STDOUT_REDIRECT] 1 : Invalid condition id : UX_CORESTACK_Condition cause : null
2024-06-27 09:07:03,568 [WARN] PackLoader:240 - Cannot read IP mode file for STMicroelectronics.X-CUBE-AZRTOS-WL.2.0.0
2024-06-27 09:07:03,582 [WARN] PackLoader:240 - Cannot read IP mode file for STMicroelectronics.FP-SNS-MOTENV1.5.0.0
2024-06-27 09:07:03,596 [WARN] PackLoader:240 - Cannot read IP mode file for wolfSSL.I-CUBE-wolfMQTT.1.19.0
2024-06-27 09:07:03,613 [WARN] PackLoader:240 - Cannot read IP mode file for WES.I-CUBE-Cesium.1.3.0
2024-06-27 09:07:03,626 [WARN] PackLoader:240 - Cannot read IP mode file for STMicroelectronics.X-CUBE-BLE2.3.3.0
2024-06-27 09:07:03,640 [WARN] PackLoader:240 - Cannot read IP mode file for STMicroelectronics.X-CUBE-TCPP.4.1.0
2024-06-27 09:07:03,655 [WARN] PackLoader:240 - Cannot read IP mode file for STMicroelectronics.X-CUBE-ALGOBUILD.1.3.0
2024-06-27 09:07:03,684 [WARN] PackLoader:240 - Cannot read IP mode file for STMicroelectronics.X-CUBE-AZRTOS-G0.1.1.0
2024-06-27 09:07:03,702 [WARN] PackLoader:240 - Cannot read IP mode file for STMicroelectronics.X-CUBE-SAFEA1.1.2.2
2024-06-27 09:07:03,718 [WARN] PackLoader:240 - Cannot read IP mode file for STMicroelectronics.X-CUBE-NFC4.3.0.0
2024-06-27 09:07:03,736 [WARN] PackLoader:240 - Cannot read IP mode file for wolfSSL.I-CUBE-wolfMQTT.1.18.0
2024-06-27 09:07:03,755 [WARN] PackLoader:240 - Cannot read IP mode file for wolfSSL.I-CUBE-wolfSSL.5.7.0
2024-06-27 09:07:03,769 [WARN] PackLoader:240 - Cannot read IP mode file for STMicroelectronics.FP-ATR-SIGFOX1.3.2.0
2024-06-27 09:07:03,785 [WARN] PackLoader:240 - Cannot read IP mode file for STMicroelectronics.X-CUBE-EEPRMA1.5.1.0
2024-06-27 09:07:03,803 [WARN] PackLoader:240 - Cannot read IP mode file for ITTIA_DB.I-CUBE-ITTIADB.8.9.0
2024-06-27 09:07:03,848 [WARN] PackLoader:240 - Cannot read IP mode file for SEGGER.I-CUBE-embOS.1.3.1
2024-06-27 09:07:03,897 [WARN] PackLoader:240 - Cannot read IP mode file for STMicroelectronics.X-CUBE-ALGOBUILD.1.4.0
2024-06-27 09:07:03,916 [WARN] PackLoader:240 - Cannot read IP mode file for STMicroelectronics.X-CUBE-GNSS1.6.0.0
2024-06-27 09:07:03,950 [WARN] PackLoader:240 - Cannot read IP mode file for STMicroelectronics.X-CUBE-AZRTOS-F4.1.1.0
2024-06-27 09:07:03,966 [WARN] PackLoader:240 - Cannot read IP mode file for STMicroelectronics.X-CUBE-FREERTOS.1.2.0
2024-06-27 09:07:03,995 [WARN] PackLoader:240 - Cannot read IP mode file for STMicroelectronics.X-CUBE-AZRTOS-L5.2.0.0
2024-06-27 09:07:04,013 [WARN] PackLoader:240 - Cannot read IP mode file for STMicroelectronics.X-CUBE-NFC6.3.1.0
2024-06-27 09:07:04,027 [WARN] PackLoader:240 - Cannot read IP mode file for STMicroelectronics.X-CUBE-AI.9.0.0
2024-06-27 09:07:04,042 [WARN] PackLoader:240 - Cannot read IP mode file for STMicroelectronics.X-CUBE-NFC7.1.0.1
2024-06-27 09:07:04,055 [WARN] PackLoader:240 - Cannot read IP mode file for STMicroelectronics.X-CUBE-AI.8.1.0
2024-06-27 09:07:04,083 [WARN] ConditionMgr:438 - getConditionDescription Invalid condition id : LAN8742 Phy interface Condition cause : null
2024-06-27 09:07:04,084 [WARN] PackLoader:240 - Cannot read IP mode file for STMicroelectronics.X-CUBE-AZRTOS-L4.2.0.0
2024-06-27 09:07:04,085 [WARN] ConditionMgr:1039 - genDependencies : Invalid condition id : LAN8742 Phy interface Condition cause : null
2024-06-27 09:07:04,085 [WARN] ConditionMgr:1039 - genDependencies : Invalid condition id : LAN8742 Phy interface Condition cause : null
2024-06-27 09:07:04,086 [WARN] ConditionMgr:1039 - genDependencies : Invalid condition id : LAN8742 Phy interface Condition cause : null
2024-06-27 09:07:04,102 [WARN] PackLoader:240 - Cannot read IP mode file for STMicroelectronics.X-CUBE-SFXS2LP1.4.0.0
2024-06-27 09:07:04,131 [WARN] ConditionMgr:438 - getConditionDescription Invalid condition id : UX DEVICE CLASS RTOS Condition cause : null
2024-06-27 09:07:04,132 [WARN] ConditionMgr:438 - getConditionDescription Invalid condition id : UX DEVICE CLASS RTOS Condition cause : null
2024-06-27 09:07:04,134 [WARN] PackLoader:240 - Cannot read IP mode file for STMicroelectronics.X-CUBE-AZRTOS-WB.2.0.0
2024-06-27 09:07:04,135 [WARN] ConditionMgr:1039 - genDependencies : Invalid condition id : UX DEVICE CLASS RTOS Condition cause : null
2024-06-27 09:07:04,135 [WARN] ConditionMgr:1039 - genDependencies : Invalid condition id : UX DEVICE CLASS RTOS Condition cause : null
2024-06-27 09:07:04,135 [WARN] ConditionMgr:1039 - genDependencies : Invalid condition id : UX DEVICE CLASS RTOS Condition cause : null
2024-06-27 09:07:04,135 [WARN] ConditionMgr:1039 - genDependencies : Invalid condition id : UX DEVICE CLASS RTOS Condition cause : null
2024-06-27 09:07:04,135 [WARN] ConditionMgr:1039 - genDependencies : Invalid condition id : UX DEVICE CLASS RTOS Condition cause : null
2024-06-27 09:07:04,160 [WARN] PackLoader:240 - Cannot read IP mode file for STMicroelectronics.X-CUBE-SUBG2.5.0.0
2024-06-27 09:07:04,179 [WARN] PackLoader:240 - Cannot read IP mode file for Cesanta.I-CUBE-Mongoose.7.13.0
2024-06-27 09:07:04,221 [WARN] PackLoader:240 - Cannot read IP mode file for STMicroelectronics.X-CUBE-AZRTOS-G4.2.0.0
2024-06-27 09:07:04,239 [WARN] PackLoader:240 - Cannot read IP mode file for STMicroelectronics.FP-SNS-MOTENVWB1.1.3.1
2024-06-27 09:07:04,253 [WARN] PackLoader:240 - Cannot read IP mode file for STMicroelectronics.X-CUBE-ISPU.2.0.0
2024-06-27 09:07:04,267 [WARN] PackLoader:240 - Cannot read IP mode file for STMicroelectronics.X-CUBE-ALS.1.0.2
2024-06-27 09:07:04,315 [WARN] PackLoader:240 - Cannot read IP mode file for STMicroelectronics.X-CUBE-MEMS1.10.0.0
2024-06-27 09:07:04,426 [WARN] PackLoader:240 - Cannot read IP mode file for STMicroelectronics.X-CUBE-FREERTOS.1.1.0
2024-06-27 09:07:04,441 [WARN] PackLoader:240 - Cannot read IP mode file for STMicroelectronics.X-CUBE-TOUCHGFX.4.24.0
2024-06-27 09:07:04,456 [WARN] PackLoader:240 - Cannot read IP mode file for portGmbH.I-Cube-SoM-uGOAL.1.1.0
2024-06-27 09:07:04,469 [WARN] PackLoader:240 - Cannot read IP mode file for STMicroelectronics.X-CUBE-ALS.1.0.1
2024-06-27 09:07:04,499 [WARN] PackLoader:240 - Cannot read IP mode file for STMicroelectronics.X-CUBE-AZRTOS-H7RS.1.0.0
2024-06-27 09:07:04,516 [WARN] PackLoader:240 - Cannot read IP mode file for STMicroelectronics.FP-ATR-ASTRA1.2.0.0
2024-06-27 09:07:04,542 [WARN] PackLoader:240 - Cannot read IP mode file for STMicroelectronics.X-CUBE-TOF1.3.4.1
2024-06-27 09:07:04,579 [WARN] PackLoader:240 - Cannot read IP mode file for STMicroelectronics.X-CUBE-AZRTOS-H7.3.2.0
2024-06-27 09:07:04,612 [WARN] PackLoader:240 - Cannot read IP mode file for Infineon.AIROC-Wi-Fi-Bluetooth-STM32.1.6.0
2024-06-27 09:07:04,617 [INFO] ThirdParty:978 - Integrity check success = true
2024-06-27 09:07:04,617 [INFO] IntegrityCheckThread:100 - exiting critical section [integrity check]
2024-06-27 09:07:04,617 [INFO] IntegrityCheckThread:103 - End integrity checks thread
2024-06-27 09:07:06,437 [INFO] WebApp:161 - Instantiating new browser for Auth
2024-06-27 09:07:07,037 [INFO] WebApp:779 - Register for checkConnection events
2024-06-27 09:07:07,037 [INFO] WebApp:414 - Apply proxy settings
2024-06-27 09:07:07,037 [INFO] WebApp:499 - Chromium requires no authentication
2024-06-27 09:07:07,045 [INFO] WebApp:442 - Direct internet connection detected
2024-06-27 09:07:07,206 [INFO] WebApp:192 - Starting web application
2024-06-27 09:07:07,206 [INFO] WebApp:544 - Web application path used H:\STM32_cube_ide\STM32CubeIDE_1.15.0\STM32CubeIDE\plugins\com.st.stm32cube.common.mx_6.11.0.202403141607\db\plugins\mcufinder\reactClient1\index.html
